<?xml version="1.0" encoding="UTF-8"?>
<!-- Generated by org.testng.reporters.JUnitReportReporter -->
<testsuite hostname="IN04779" failures="0" tests="1" name="com.test.myAppTest.App2Test" time="0.013" errors="0" timestamp="2023-01-12T20:44:11 IST" skipped="0">
  <testcase classname="com.test.myAppTest.App2Test" name="correctSkuVerify" time="0.013"/>
  <system-out/>
</testsuite> <!-- com.test.myAppTest.App2Test -->
