<?xml version="1.0" encoding="UTF-8"?>
<!-- Generated by org.testng.reporters.JUnitReportReporter -->
<testsuite hostname="IN04779" failures="0" tests="2" name="com.test.myAppTest.App1Test" time="0.038" errors="0" timestamp="2023-01-09T21:22:20 IST" skipped="0">
  <testcase classname="com.test.myAppTest.App1Test" name="positiveLoginCredential" time="0.002"/>
  <system-out/>
  <testcase classname="com.test.myAppTest.App1Test" name="negativeLoginCredential" time="0.036"/>
  <system-out/>
</testsuite> <!-- com.test.myAppTest.App1Test -->
