<?xml version="1.0" encoding="UTF-8"?>
<!-- Generated by org.testng.reporters.JUnitReportReporter -->
<testsuite hostname="IN04779" failures="0" tests="2" name="com.test.myAppTest.App1Test" time="0.016" errors="0" timestamp="2023-01-10T17:30:40 IST" skipped="0">
  <testcase classname="com.test.myAppTest.App1Test" name="negativeLoginCredential" time="0.015"/>
  <system-out/>
  <testcase classname="com.test.myAppTest.App1Test" name="positiveLoginCredential" time="0.001"/>
  <system-out/>
</testsuite> <!-- com.test.myAppTest.App1Test -->
