<?xml version="1.0" encoding="UTF-8"?>
<!-- Generated by org.testng.reporters.JUnitReportReporter -->
<testsuite hostname="IN04779" failures="0" tests="1" name="com.test.myAppTest.App3Test" time="0.011" errors="0" timestamp="2023-01-12T21:15:10 IST" skipped="0">
  <testcase classname="com.test.myAppTest.App3Test" name="m3" time="0.011"/>
  <system-out/>
</testsuite> <!-- com.test.myAppTest.App3Test -->
